mode: set
github.com/smyrman/units/linear/distance_generated.go:32.40,34.2 1 1
github.com/smyrman/units/linear/distance_generated.go:37.41,39.2 1 1
github.com/smyrman/units/linear/distance_generated.go:42.41,44.2 1 1
github.com/smyrman/units/linear/distance_generated.go:47.41,49.2 1 1
github.com/smyrman/units/linear/distance_generated.go:52.40,54.2 1 1
github.com/smyrman/units/linear/distance_generated.go:57.36,59.2 1 1
github.com/smyrman/units/linear/distance_generated.go:62.40,64.2 1 1
github.com/smyrman/units/linear/distance_generated.go:67.34,69.2 1 0
github.com/smyrman/units/linear/distance_generated.go:72.36,74.2 1 0
github.com/smyrman/units/linear/distance_generated.go:77.34,79.2 1 1
github.com/smyrman/units/linear/distance_generated.go:82.35,84.2 1 0
github.com/smyrman/units/linear/distance_generated.go:87.36,89.2 1 0
github.com/smyrman/units/linear/distance_generated.go:92.38,94.2 1 0
github.com/smyrman/units/linear/distance_generated.go:97.35,99.2 1 0
github.com/smyrman/units/linear/distance_generated.go:102.37,104.2 1 0
github.com/smyrman/units/linear/distance_generated.go:107.36,109.2 1 0
github.com/smyrman/units/linear/distance_generated.go:112.43,114.2 1 0
github.com/smyrman/units/linear/distance_generated.go:117.34,118.11 1 0
github.com/smyrman/units/linear/distance_generated.go:121.2,121.10 1 0
github.com/smyrman/units/linear/distance_generated.go:118.11,120.3 1 0
github.com/smyrman/units/linear/distance_generated.go:125.43,127.2 1 0
github.com/smyrman/units/linear/distance_generated.go:130.43,132.2 1 0
github.com/smyrman/units/linear/distance_generated.go:135.51,137.2 1 0
github.com/smyrman/units/linear/distance_generated.go:140.57,142.2 1 1
github.com/smyrman/units/linear/velocity_generated.go:26.35,28.2 1 1
github.com/smyrman/units/linear/velocity_generated.go:31.49,33.2 1 0
github.com/smyrman/units/linear/velocity_generated.go:36.50,38.2 1 0
github.com/smyrman/units/linear/velocity_generated.go:41.50,43.2 1 0
github.com/smyrman/units/linear/velocity_generated.go:46.50,48.2 1 0
github.com/smyrman/units/linear/velocity_generated.go:51.49,53.2 1 0
github.com/smyrman/units/linear/velocity_generated.go:56.45,58.2 1 1
github.com/smyrman/units/linear/velocity_generated.go:61.49,63.2 1 0
github.com/smyrman/units/linear/velocity_generated.go:66.43,68.2 1 0
github.com/smyrman/units/linear/velocity_generated.go:71.47,73.2 1 1
github.com/smyrman/units/linear/velocity_generated.go:76.42,78.2 1 1
github.com/smyrman/units/linear/velocity_generated.go:81.34,82.11 1 0
github.com/smyrman/units/linear/velocity_generated.go:85.2,85.10 1 0
github.com/smyrman/units/linear/velocity_generated.go:82.11,84.3 1 0
github.com/smyrman/units/linear/velocity_generated.go:89.43,91.2 1 0
github.com/smyrman/units/linear/velocity_generated.go:94.43,96.2 1 0
github.com/smyrman/units/linear/velocity_generated.go:99.51,101.2 1 0
github.com/smyrman/units/linear/velocity_generated.go:104.61,106.2 1 0
github.com/smyrman/units/linear/velocity_generated.go:109.57,111.2 1 0
github.com/smyrman/units/linear/acceleration_generated.go:23.60,25.2 1 0
github.com/smyrman/units/linear/acceleration_generated.go:28.61,30.2 1 0
github.com/smyrman/units/linear/acceleration_generated.go:33.61,35.2 1 0
github.com/smyrman/units/linear/acceleration_generated.go:38.61,40.2 1 0
github.com/smyrman/units/linear/acceleration_generated.go:43.60,45.2 1 0
github.com/smyrman/units/linear/acceleration_generated.go:48.56,50.2 1 0
github.com/smyrman/units/linear/acceleration_generated.go:53.60,55.2 1 0
github.com/smyrman/units/linear/acceleration_generated.go:58.54,60.2 1 0
github.com/smyrman/units/linear/acceleration_generated.go:63.42,64.11 1 0
github.com/smyrman/units/linear/acceleration_generated.go:67.2,67.10 1 0
github.com/smyrman/units/linear/acceleration_generated.go:64.11,66.3 1 0
github.com/smyrman/units/linear/acceleration_generated.go:71.51,73.2 1 0
github.com/smyrman/units/linear/acceleration_generated.go:76.51,78.2 1 0
github.com/smyrman/units/linear/acceleration_generated.go:81.63,83.2 1 0
github.com/smyrman/units/linear/acceleration_generated.go:86.61,88.2 1 0
github.com/smyrman/units/linear/distance.go:12.36,14.2 1 0
